This is LuaTeX, Version 1.10.0 (TeX Live 2019)  (format=lualatex 2020.1.20)  26 APR 2020 19:40
 restricted system commands enabled.
**Blatt_2.tex
(./Blatt_2.tex
LaTeX2e <2019-10-01> patch level 3
Lua module: luaotfload-main 2019-11-10 3.11 luaotfload entry point
Lua module: luaotfload-init 2019-11-10 3.11 luaotfload submodule / initializatio
n
Lua module: lualibs 2019-11-06 2.69 ConTeXt Lua standard libraries.
Lua module: lualibs-extended 2019-11-06 2.69 ConTeXt Lua libraries -- extended c
ollection.
Lua module: luaotfload-log 2019-11-10 3.11 luaotfload submodule / logging
Lua module: luaotfload-parsers 2019-11-10 3.11 luaotfload submodule / filelist
Lua module: luaotfload-configuration 2019-11-10 3.11 luaotfload submodule / conf
ig file reader
luaotfload | conf : Root cache directory is /home/feline007/.local/texlive/2019/
texmf-var/luatex-cache/generic/names.
luaotfload | init : Loading fontloader “fontloader-2019-10-29.lua” from kpse
-resolved path “/home/feline007/.local/texlive/2019/texmf-dist/tex/luatex/luao
tfload/fontloader-2019-10-29.lua”.
Lua-only attribute luaotfload@state = 2
Lua-only attribute luaotfload@noligature = 3
Lua-only attribute luaotfload@syllabe = 4
luaotfload | init : Context OpenType loader version “3.11”
Inserting `luaotfload.node_processor' at position 1 in `pre_linebreak_filter'.
Inserting `luaotfload.node_processor' at position 1 in `hpack_filter'.
Lua module: luaotfload-loaders 2019-11-10 3.11 luaotfload submodule / callback h
andling
Inserting `luaotfload.define_font' at position 1 in `define_font'.
Lua module: luaotfload-database 2019-11-10 3.11 luaotfload submodule / database
Lua module: luaotfload-unicode 2019-11-10 3.11 luaotfload submodule / Unicode he
lpers
Lua module: luaotfload-colors 2019-11-10 3.11 luaotfload submodule / color
Lua-only attribute luaotfload_color_attribute = 5
Lua module: luaotfload-resolvers 2019-11-10 3.11 luaotfload submodule / resolver
s
luaotfload | conf : Root cache directory is /home/feline007/.local/texlive/2019/
texmf-var/luatex-cache/generic/names.
Lua module: luaotfload-features 2019-11-10 3.11 luaotfload submodule / features
Lua module: luaotfload-letterspace 2019-11-10 3.11 luaotfload submodule / color
Lua module: luaotfload-embolden 2019-11-10 3.11 luaotfload submodule / color
Lua module: luaotfload-notdef 2019-11-10 3.11 luaotfload submodule / color
Lua module: luaotfload-auxiliary 2019-11-10 3.11 luaotfload submodule / auxiliar
y functions
Inserting `luaotfload.aux.set_sscale_dimens' at position 1 in `luaotfload.patch_
font'.
Inserting `luaotfload.aux.set_font_index' at position 2 in `luaotfload.patch_fon
t'.
Inserting `luaotfload.aux.patch_cambria_domh' at position 3 in `luaotfload.patch
_font'.
Inserting `luaotfload.aux.fixup_fontdata' at position 1 in `luaotfload.patch_fon
t_unsafe'.
Inserting `luaotfload.aux.set_capheight' at position 4 in `luaotfload.patch_font
'.
Inserting `luaotfload.aux.set_xheight' at position 5 in `luaotfload.patch_font'.
Lua module: luaotfload-multiscript 2019-11-10 3.11 luaotfload submodule / multis
cript
Lua module: luaotfload-tounicode 2019-11-10 3.11 luaotfload submodule / tounicod
e
Inserting `luaotfload.rewrite_fontname' at position 6 in `luaotfload.patch_font'
.
luaotfload | main : initialization completed in 0.119 seconds
(/home/feline007/.local/texlive/2019/texmf-dist/tex/latex/base/article.cls
Document Class: article 2019/10/25 v1.4k Standard LaTeX document class
(/home/feline007/.local/texlive/2019/texmf-dist/tex/latex/base/size11.clo
File: size11.clo 2019/10/25 v1.4k Standard LaTeX file (size option)
luaotfload | db : Font names database loaded from /home/feline007/.local/texlive
/2019/texmf-var/luatex-cache/generic/names/luaotfload-names.luc)
\c@part=\count80
\c@section=\count81
\c@subsection=\count82
\c@subsubsection=\count83
\c@paragraph=\count84
\c@subparagraph=\count85
\c@figure=\count86
\c@table=\count87
\abovecaptionskip=\skip41
\belowcaptionskip=\skip42
\bibindent=\dimen102
)
(/home/feline007/.local/texlive/2019/texmf-dist/tex/latex/amsmath/amsmath.sty
Package: amsmath 2019/11/16 v2.17d AMS math features
\@mathmargin=\skip43

For additional information on amsmath, use the `?' option.
(/home/feline007/.local/texlive/2019/texmf-dist/tex/latex/amsmath/amstext.sty
Package: amstext 2000/06/29 v2.01 AMS text

(/home/feline007/.local/texlive/2019/texmf-dist/tex/latex/amsmath/amsgen.sty
File: amsgen.sty 1999/11/30 v2.0 generic functions
\@emptytoks=\toks14
\ex@=\dimen103
))
(/home/feline007/.local/texlive/2019/texmf-dist/tex/latex/amsmath/amsbsy.sty
Package: amsbsy 1999/11/29 v1.2d Bold Symbols
\pmbraise@=\dimen104
)
(/home/feline007/.local/texlive/2019/texmf-dist/tex/latex/amsmath/amsopn.sty
Package: amsopn 2016/03/08 v2.02 operator names
)
\inf@bad=\count88
LaTeX Info: Redefining \frac on input line 227.
\uproot@=\count89
\leftroot@=\count90
LaTeX Info: Redefining \overline on input line 389.
\classnum@=\count91
\DOTSCASE@=\count92
LaTeX Info: Redefining \ldots on input line 486.
LaTeX Info: Redefining \dots on input line 489.
LaTeX Info: Redefining \cdots on input line 610.
\Mathstrutbox@=\box27
\strutbox@=\box28
\big@size=\dimen105
LaTeX Font Info:    Redeclaring font encoding OML on input line 733.
LaTeX Font Info:    Redeclaring font encoding OMS on input line 734.
\macc@depth=\count93
\c@MaxMatrixCols=\count94
\dotsspace@=\muskip10
\c@parentequation=\count95
\dspbrk@lvl=\count96
\tag@help=\toks15
\row@=\count97
\column@=\count98
\maxfields@=\count99
\andhelp@=\toks16
\eqnshift@=\dimen106
\alignsep@=\dimen107
\tagshift@=\dimen108
\tagwidth@=\dimen109
\totwidth@=\dimen110
\lineht@=\dimen111
\@envbody=\toks17
\multlinegap=\skip44
\multlinetaggap=\skip45
\mathdisplay@stack=\toks18
LaTeX Info: Redefining \[ on input line 2858.
LaTeX Info: Redefining \] on input line 2859.
)
(/home/feline007/.local/texlive/2019/texmf-dist/tex/latex/amsfonts/amssymb.sty
Package: amssymb 2013/01/14 v3.01 AMS font symbols

(/home/feline007/.local/texlive/2019/texmf-dist/tex/latex/amsfonts/amsfonts.sty
Package: amsfonts 2013/01/14 v3.01 Basic AMSFonts support
\symAMSa=\mathgroup4
\symAMSb=\mathgroup5
LaTeX Font Info:    Redeclaring math symbol \hbar on input line 98.
LaTeX Font Info:    Overwriting math alphabet `\mathfrak' in version `bold'
(Font)                  U/euf/m/n --> U/euf/b/n on input line 106.
)) (/home/feline007/.local/texlive/2019/texmf-dist/tex/generic/babel/babel.sty
Package: babel 2020/01/15 3.38 The Babel package

(/home/feline007/.local/texlive/2019/texmf-dist/tex/generic/babel/switch.def
File: switch.def 2020/01/15 3.38 Babel switching mechanism
)
(/home/feline007/.local/texlive/2019/texmf-dist/tex/generic/babel/luababel.def
\bbl@readstream=\read1
\l@dumylang=\language2
Package babel Info: Non-standard hyphenation setup on input line 117.
\l@nohyphenation=\language3
\l@german-x-2019-04-04=\language4
\l@ngerman-x-2019-04-04=\language5
\l@afrikaans=\language6
\l@ancientgreek=\language7
\l@ibycus=\language8
\l@arabic=\language9
\l@armenian=\language10
\l@basque=\language11
\l@belarusian=\language12
\l@bulgarian=\language13
\l@catalan=\language14
\l@pinyin=\language15
\l@churchslavonic=\language16
\l@coptic=\language17
\l@croatian=\language18
\l@czech=\language19
\l@danish=\language20
\l@dutch=\language21
\l@ukenglish=\language22
\l@usenglishmax=\language23
\l@esperanto=\language24
\l@estonian=\language25
\l@ethiopic=\language26
\l@farsi=\language27
\l@finnish=\language28
\l@french=\language29
\l@friulan=\language30
\l@galician=\language31
\l@georgian=\language32
\l@german=\language33
\l@ngerman=\language34
\l@swissgerman=\language35
\l@monogreek=\language36
\l@greek=\language37
\l@hungarian=\language38
\l@icelandic=\language39
\l@assamese=\language40
\l@bengali=\language41
\l@gujarati=\language42
\l@hindi=\language43
\l@kannada=\language44
\l@malayalam=\language45
\l@marathi=\language46
\l@oriya=\language47
\l@panjabi=\language48
\l@pali=\language49
\l@tamil=\language50
\l@telugu=\language51
\l@indonesian=\language52
\l@interlingua=\language53
\l@irish=\language54
\l@italian=\language55
\l@kurmanji=\language56
\l@latin=\language57
\l@classiclatin=\language58
\l@liturgicallatin=\language59
\l@latvian=\language60
\l@lithuanian=\language61
\l@mongolian=\language62
\l@mongolianlmc=\language63
\l@bokmal=\language64
\l@nynorsk=\language65
\l@occitan=\language66
\l@piedmontese=\language67
\l@polish=\language68
\l@portuguese=\language69
\l@romanian=\language70
\l@romansh=\language71
\l@russian=\language72
\l@sanskrit=\language73
\l@serbian=\language74
\l@serbianc=\language75
\l@slovak=\language76
\l@slovenian=\language77
\l@spanish=\language78
\l@swedish=\language79
\l@thai=\language80
\l@turkish=\language81
\l@turkmen=\language82
\l@ukrainian=\language83
\l@uppersorbian=\language84
\l@welsh=\language85
)
(/home/feline007/.local/texlive/2019/texmf-dist/tex/generic/babel-german/ngerma
n.ldf
Language: ngerman 2018/12/08 v2.11 German support for babel (post-1996 orthograp
hy)

(/home/feline007/.local/texlive/2019/texmf-dist/tex/generic/babel-german/ngerma
nb.ldf
Language: ngermanb 2018/12/08 v2.11 German support for babel (post-1996 orthogra
phy)

(/home/feline007/.local/texlive/2019/texmf-dist/tex/generic/babel/babel.def
File: babel.def 2020/01/15 3.38 Babel common definitions
\babel@savecnt=\count100
\U@D=\dimen112

(/home/feline007/.local/texlive/2019/texmf-dist/tex/generic/babel/luababel.def
\bbl@attr@locale=\attribute6
))
Package babel Info: Making " an active character on input line 121.

(/home/feline007/.local/texlive/2019/texmf-dist/tex/generic/hyph-utf8/loadhyph/
loadhyph-de-1996.tex UTF-8 German hyphenation patterns (reformed orthography)
(/home/feline007/.local/texlive/2019/texmf-dist/tex/generic/hyph-utf8/patterns/
tex/hyph-de-1996.tex
German Hyphenation Patterns (Reformed Orthography, 2006) `dehyphn-x' 2019-04-04
 (WL))))))
(/home/feline007/.local/texlive/2019/texmf-dist/tex/latex/enumitem/enumitem.sty
Package: enumitem 2019/06/20 v3.9 Customized lists
\enitkv@toks@=\toks19
\labelindent=\skip46
\enit@outerparindent=\dimen113
\enit@toks=\toks20
\enit@inbox=\box29
\enit@count@id=\count101
\enitdp@description=\count102
)
(/home/feline007/.local/texlive/2019/texmf-dist/tex/latex/graphics/graphicx.sty
Package: graphicx 2017/06/01 v1.1a Enhanced LaTeX Graphics (DPC,SPQR)
(/home/feline007/.local/texlive/2019/texmf-dist/tex/latex/graphics/keyval.sty
Package: keyval 2014/10/28 v1.15 key=value parser (DPC)
\KV@toks@=\toks21
)
(/home/feline007/.local/texlive/2019/texmf-dist/tex/latex/graphics/graphics.sty
Package: graphics 2019/11/01 v1.3d Standard LaTeX Graphics (DPC,SPQR)
(/home/feline007/.local/texlive/2019/texmf-dist/tex/latex/graphics/trig.sty
Package: trig 2016/01/03 v1.10 sin cos tan (DPC)
)
(/home/feline007/.local/texlive/2019/texmf-dist/tex/latex/graphics-cfg/graphics
.cfg
File: graphics.cfg 2016/06/04 v1.11 sample graphics configuration
)
Package graphics Info: Driver file: luatex.def on input line 105.

(/home/feline007/.local/texlive/2019/texmf-dist/tex/latex/graphics-def/luatex.d
ef
File: luatex.def 2018/01/08 v1.0l Graphics/color driver for luatex
))
\Gin@req@height=\dimen114
\Gin@req@width=\dimen115
)
(/home/feline007/.local/texlive/2019/texmf-dist/tex/latex/siunitx/siunitx.sty
(/home/feline007/.local/texlive/2019/texmf-dist/tex/latex/l3kernel/expl3.sty
Package: expl3 2020-01-12 L3 programming layer (loader) 

(/home/feline007/.local/texlive/2019/texmf-dist/tex/latex/l3kernel/expl3-code.t
ex
Package: expl3 2020-01-12 L3 programming layer (code)
\c_max_int=\count103
\l_tmpa_int=\count104
\l_tmpb_int=\count105
\g_tmpa_int=\count106
\g_tmpb_int=\count107
\l__seq_internal_a_int=\count108
\l__seq_internal_b_int=\count109
\g__kernel_prg_map_int=\count110
\c__ior_term_noprompt_ior=\count111
\c_log_iow=\count112
\l_iow_line_count_int=\count113
\l__iow_line_target_int=\count114
\l__iow_one_indent_int=\count115
\l__iow_indent_int=\count116
\c_zero_dim=\dimen116
\c_max_dim=\dimen117
\l_tmpa_dim=\dimen118
\l_tmpb_dim=\dimen119
\g_tmpa_dim=\dimen120
\g_tmpb_dim=\dimen121
\c_zero_skip=\skip47
\c_max_skip=\skip48
\l_tmpa_skip=\skip49
\l_tmpb_skip=\skip50
\g_tmpa_skip=\skip51
\g_tmpb_skip=\skip52
\c_zero_muskip=\muskip11
\c_max_muskip=\muskip12
\l_tmpa_muskip=\muskip13
\l_tmpb_muskip=\muskip14
\g_tmpa_muskip=\muskip15
\g_tmpb_muskip=\muskip16
\l_keys_choice_int=\count117
\l__intarray_loop_int=\count118
\c__intarray_sp_dim=\dimen122
\g__intarray_font_int=\count119
\c__fp_leading_shift_int=\count120
\c__fp_middle_shift_int=\count121
\c__fp_trailing_shift_int=\count122
\c__fp_big_leading_shift_int=\count123
\c__fp_big_middle_shift_int=\count124
\c__fp_big_trailing_shift_int=\count125
\c__fp_Bigg_leading_shift_int=\count126
\c__fp_Bigg_middle_shift_int=\count127
\c__fp_Bigg_trailing_shift_int=\count128
\g__fp_array_int=\count129
\l__fp_array_loop_int=\count130
\l__sort_length_int=\count131
\l__sort_min_int=\count132
\l__sort_top_int=\count133
\l__sort_max_int=\count134
\l__sort_true_max_int=\count135
\l__sort_block_int=\count136
\l__sort_begin_int=\count137
\l__sort_end_int=\count138
\l__sort_A_int=\count139
\l__sort_B_int=\count140
\l__sort_C_int=\count141
\l__str_internal_int=\count142
\l__tl_analysis_normal_int=\count143
\l__tl_analysis_index_int=\count144
\l__tl_analysis_nesting_int=\count145
\l__tl_analysis_type_int=\count146
\l__regex_internal_a_int=\count147
\l__regex_internal_b_int=\count148
\l__regex_internal_c_int=\count149
\l__regex_balance_int=\count150
\l__regex_group_level_int=\count151
\l__regex_mode_int=\count152
\c__regex_cs_in_class_mode_int=\count153
\c__regex_cs_mode_int=\count154
\l__regex_catcodes_int=\count155
\l__regex_default_catcodes_int=\count156
\c__regex_catcode_L_int=\count157
\c__regex_catcode_O_int=\count158
\c__regex_catcode_A_int=\count159
\c__regex_all_catcodes_int=\count160
\l__regex_show_lines_int=\count161
\l__regex_min_state_int=\count162
\l__regex_max_state_int=\count163
\l__regex_left_state_int=\count164
\l__regex_right_state_int=\count165
\l__regex_capturing_group_int=\count166
\l__regex_min_pos_int=\count167
\l__regex_max_pos_int=\count168
\l__regex_curr_pos_int=\count169
\l__regex_start_pos_int=\count170
\l__regex_success_pos_int=\count171
\l__regex_curr_char_int=\count172
\l__regex_curr_catcode_int=\count173
\l__regex_last_char_int=\count174
\l__regex_case_changed_char_int=\count175
\l__regex_curr_state_int=\count176
\l__regex_step_int=\count177
\l__regex_min_active_int=\count178
\l__regex_max_active_int=\count179
\l__regex_replacement_csnames_int=\count180
\l__regex_match_count_int=\count181
\l__regex_min_submatch_int=\count182
\l__regex_submatch_int=\count183
\l__regex_zeroth_submatch_int=\count184
\g__regex_trace_regex_int=\count185
\c_empty_box=\box30
\l_tmpa_box=\box31
\l_tmpb_box=\box32
\g_tmpa_box=\box33
\g_tmpb_box=\box34
\l__box_top_dim=\dimen123
\l__box_bottom_dim=\dimen124
\l__box_left_dim=\dimen125
\l__box_right_dim=\dimen126
\l__box_top_new_dim=\dimen127
\l__box_bottom_new_dim=\dimen128
\l__box_left_new_dim=\dimen129
\l__box_right_new_dim=\dimen130
\l__box_internal_box=\box35
\l__coffin_internal_box=\box36
\l__coffin_internal_dim=\dimen131
\l__coffin_offset_x_dim=\dimen132
\l__coffin_offset_y_dim=\dimen133
\l__coffin_x_dim=\dimen134
\l__coffin_y_dim=\dimen135
\l__coffin_x_prime_dim=\dimen136
\l__coffin_y_prime_dim=\dimen137
\c_empty_coffin=\box37
\l__coffin_aligned_coffin=\box38
\l__coffin_aligned_internal_coffin=\box39
\l_tmpa_coffin=\box40
\l_tmpb_coffin=\box41
\g_tmpa_coffin=\box42
\g_tmpb_coffin=\box43
\l__coffin_bounding_shift_dim=\dimen138
\l__coffin_left_corner_dim=\dimen139
\l__coffin_right_corner_dim=\dimen140
\l__coffin_bottom_corner_dim=\dimen141
\l__coffin_top_corner_dim=\dimen142
\l__coffin_scaled_total_height_dim=\dimen143
\l__coffin_scaled_width_dim=\dimen144
\c__coffin_empty_coffin=\box44
\l__coffin_display_coffin=\box45
\l__coffin_display_coord_coffin=\box46
\l__coffin_display_pole_coffin=\box47
\l__coffin_display_offset_dim=\dimen145
\l__coffin_display_x_dim=\dimen146
\l__coffin_display_y_dim=\dimen147
\g__char_data_ior=\read2

(/home/feline007/.local/texlive/2019/texmf-dist/tex/latex/l3kernel/l3deprecatio
n.def
File: l3deprecation.def 2019-04-06 v L3 Deprecated functions
))
(/home/feline007/.local/texlive/2019/texmf-dist/tex/latex/l3backend/l3backend-p
dfmode.def
File: l3backend-pdfmode.def 2019-04-06 L3 backend support: PDF mode
\l__kernel_color_stack_int=\count186
\l__pdf_internal_box=\box48
))
(/home/feline007/.local/texlive/2019/texmf-dist/tex/latex/l3packages/xparse/xpa
rse.sty
Package: xparse 2020-01-12 L3 Experimental document command parser
\l__xparse_current_arg_int=\count187
\g__xparse_grabber_int=\count188
\l__xparse_m_args_int=\count189
\l__xparse_v_nesting_int=\count190
)
Package: siunitx 2020/01/15 v2.7u A comprehensive (SI) units package

(/home/feline007/.local/texlive/2019/texmf-dist/tex/latex/tools/array.sty
Package: array 2019/08/31 v2.4l Tabular extension package (FMi)
\col@sep=\dimen148
\ar@mcellbox=\box49
\extrarowheight=\dimen149
\NC@list=\toks22
\extratabsurround=\skip53
\backup@length=\skip54
\ar@cellbox=\box50
)
(/home/feline007/.local/texlive/2019/texmf-dist/tex/latex/l3packages/l3keys2e/l
3keys2e.sty
Package: l3keys2e 2020-01-12 LaTeX2e option processing using LaTeX3 keys
)
\l__siunitx_tmp_box=\box51
\l__siunitx_tmp_dim=\dimen150
\l__siunitx_tmp_int=\count191
\l__siunitx_number_mantissa_length_int=\count192
\l__siunitx_number_uncert_length_int=\count193
\l__siunitx_round_int=\count194
\l__siunitx_process_decimal_int=\count195
\l__siunitx_process_uncertainty_int=\count196
\l__siunitx_process_fixed_int=\count197
\l__siunitx_process_integer_min_int=\count198
\l__siunitx_process_precision_int=\count199
\l__siunitx_group_min_int=\count266
\l__siunitx_angle_marker_box=\box52
\l__siunitx_angle_unit_box=\box53
\l__siunitx_angle_marker_dim=\dimen151
\l__siunitx_angle_unit_dim=\dimen152
\l__siunitx_unit_int=\count267
\l__siunitx_unit_denominator_int=\count268
\l__siunitx_unit_numerator_int=\count269
\l__siunitx_unit_prefix_int=\count270
\l__siunitx_unit_prefix_base_int=\count271
\l__siunitx_unit_prefix_gram_int=\count272
\l__siunitx_number_product_int=\count273
\c__siunitx_one_fill_skip=\skip55
\l__siunitx_table_unit_align_skip=\skip56
\l__siunitx_table_exponent_dim=\dimen153
\l__siunitx_table_integer_dim=\dimen154
\l__siunitx_table_mantissa_dim=\dimen155
\l__siunitx_table_marker_dim=\dimen156
\l__siunitx_table_result_dim=\dimen157
\l__siunitx_table_uncert_dim=\dimen158
\l__siunitx_table_fill_pre_dim=\dimen159
\l__siunitx_table_fill_post_dim=\dimen160
\l__siunitx_table_fill_mid_dim=\dimen161
\l__siunitx_table_pre_box=\box54
\l__siunitx_table_post_box=\box55
\l__siunitx_table_mantissa_box=\box56
\l__siunitx_table_result_box=\box57
\l__siunitx_table_number_align_skip=\skip57
\l__siunitx_table_text_align_skip=\skip58

(/home/feline007/.local/texlive/2019/texmf-dist/tex/latex/translator/translator
.sty
Package: translator 2019-05-31 v1.12a Easy translation of strings in LaTeX
)) (./Blatt_2.aux)
\openout1 = Blatt_2.aux

LaTeX Font Info:    Checking defaults for OML/cmm/m/it on input line 14.
LaTeX Font Info:    ... okay on input line 14.
LaTeX Font Info:    Checking defaults for T1/cmr/m/n on input line 14.
LaTeX Font Info:    ... okay on input line 14.
LaTeX Font Info:    Checking defaults for OT1/cmr/m/n on input line 14.
LaTeX Font Info:    ... okay on input line 14.
LaTeX Font Info:    Checking defaults for OMS/cmsy/m/n on input line 14.
LaTeX Font Info:    ... okay on input line 14.
LaTeX Font Info:    Checking defaults for TU/lmr/m/n on input line 14.
LaTeX Font Info:    ... okay on input line 14.
LaTeX Font Info:    Checking defaults for OMX/cmex/m/n on input line 14.
LaTeX Font Info:    ... okay on input line 14.
LaTeX Font Info:    Checking defaults for U/cmr/m/n on input line 14.
LaTeX Font Info:    ... okay on input line 14.

(/home/feline007/.local/texlive/2019/texmf-dist/tex/context/base/mkii/supp-pdf.
mkii
[Loading MPS to PDF converter (version 2006.09.02).]
\scratchcounter=\count274
\scratchdimen=\dimen162
\scratchbox=\box58
\nofMPsegments=\count275
\nofMParguments=\count276
\everyMPshowfont=\toks23
\MPscratchCnt=\count277
\MPscratchDim=\dimen163
\MPnumerator=\count278
\makeMPintoPDFobject=\count279
\everyMPtoPDFconversion=\toks24
)
(/home/feline007/.local/texlive/2019/texmf-dist/tex/latex/epstopdf-pkg/epstopdf
-base.sty
Package: epstopdf-base 2019-12-09 v2.10 Base part for package epstopdf
Package epstopdf-base Info: Redefining graphics rule for `.eps' on input line 48
5.

(/home/feline007/.local/texlive/2019/texmf-dist/tex/latex/latexconfig/epstopdf-
sys.cfg
File: epstopdf-sys.cfg 2010/07/13 v1.3 Configuration of (r)epstopdf for TeX Live

))
(/home/feline007/.local/texlive/2019/texmf-dist/tex/latex/translator/translator
-basic-dictionary-English.dict
Dictionary: translator-basic-dictionary, Language: English 
)
(/home/feline007/.local/texlive/2019/texmf-dist/tex/latex/siunitx/siunitx-abbre
viations.cfg
File: siunitx-abbreviations.cfg 2017/11/26 v2.7k siunitx: Abbreviated units
)
LaTeX Font Info:    Trying to load font information for U+msa on input line 14.

(/home/feline007/.local/texlive/2019/texmf-dist/tex/latex/amsfonts/umsa.fd
File: umsa.fd 2013/01/14 v3.01 AMS symbols A
)
LaTeX Font Info:    Trying to load font information for U+msb on input line 14.

(/home/feline007/.local/texlive/2019/texmf-dist/tex/latex/amsfonts/umsb.fd
File: umsb.fd 2013/01/14 v3.01 AMS symbols B
)
<Synchrotron_Skizze.jpg, id=1, 3661.68pt x 2746.26pt>
File: Synchrotron_Skizze.jpg Graphic file (type jpg)
<use Synchrotron_Skizze.jpg>
Package luatex.def Info: Synchrotron_Skizze.jpg  used on input line 27.
(luatex.def)             Requested size: 251.9989pt x 188.98929pt.

[1

{/home/feline007/.local/texlive/2019/texmf-var/fonts/map/pdftex/updmap/pdftex.ma
p}<./Synchrotron_Skizze.jpg>]
<synchrotron-0673.9.pdf, id=16, 462.528pt x 462.528pt>
File: synchrotron-0673.9.pdf Graphic file (type pdf)
<use synchrotron-0673.9.pdf>
Package luatex.def Info: synchrotron-0673.9.pdf  used on input line 48.
(luatex.def)             Requested size: 251.9989pt x 251.99864pt.
<synchrotron-0168.5.pdf, id=17, 462.528pt x 462.528pt>
File: synchrotron-0168.5.pdf Graphic file (type pdf)
<use synchrotron-0168.5.pdf>
Package luatex.def Info: synchrotron-0168.5.pdf  used on input line 54.
(luatex.def)             Requested size: 251.9989pt x 251.99864pt.


LaTeX Warning: `h' float specifier changed to `ht'.

<synchrotron-0336.9.pdf, id=18, 462.528pt x 462.528pt>
File: synchrotron-0336.9.pdf Graphic file (type pdf)
<use synchrotron-0336.9.pdf>
Package luatex.def Info: synchrotron-0336.9.pdf  used on input line 59.
(luatex.def)             Requested size: 251.9989pt x 251.99864pt.

LaTeX Warning: `h' float specifier changed to `ht'.

[2<./synchrotron-0673.9.pdf>] [3<./synchrotron-0168.5.pdf><./synchrotron-0336.9.
pdf>] (./Blatt_2.aux))

Here is how much of LuaTeX's memory you used:
 17728 strings out of 493855
 100000,383344 words of node,token memory allocated
 553 words of node memory still in use:
   7 hlist, 2 vlist, 2 rule, 5 glue, 4 kern, 1 glyph, 11 attribute, 57 glue_spec
, 8 attribute_list, 1 write nodes
   avail lists: 2:380,3:106,4:6,5:82,6:13,7:939,8:41,9:96,10:5,11:84
 22145 multiletter control sequences out of 65536+600000
 71 fonts using 8822703 bytes
 44i,7n,67p,289b,2144s stack positions out of 5000i,500n,10000p,200000b,100000s
</home/feline007/.local/texlive/2019/texmf-dist/fonts/opentype/public/lm/lmroman
10-regular.otf></home/feline007/.local/texlive/2019/texmf-dist/fonts/opentype/pu
blic/lm/lmroman12-bold.otf></home/feline007/.local/texlive/2019/texmf-dist/fonts
/opentype/public/lm/lmroman12-regular.otf></home/feline007/.local/texlive/2019/t
exmf-dist/fonts/opentype/public/lm/lmroman17-regular.otf></home/feline007/.local
/texlive/2019/texmf-dist/fonts/type1/public/amsfonts/cm/cmmi10.pfb></home/feline
007/.local/texlive/2019/texmf-dist/fonts/type1/public/amsfonts/cm/cmmi8.pfb></ho
me/feline007/.local/texlive/2019/texmf-dist/fonts/type1/public/amsfonts/cm/cmr10
.pfb></home/feline007/.local/texlive/2019/texmf-dist/fonts/type1/public/amsfonts
/cm/cmr6.pfb></home/feline007/.local/texlive/2019/texmf-dist/fonts/type1/public/
amsfonts/cm/cmr8.pfb></home/feline007/.local/texlive/2019/texmf-dist/fonts/type1
/public/amsfonts/cm/cmsy10.pfb></home/feline007/.local/texlive/2019/texmf-dist/f
onts/type1/public/amsfonts/cm/cmsy6.pfb></home/feline007/.local/texlive/2019/tex
mf-dist/fonts/type1/public/amsfonts/cm/cmsy8.pfb>
Output written on Blatt_2.pdf (3 pages, 2110298 bytes).

PDF statistics: 179 PDF objects out of 1000 (max. 8388607)
 75 compressed objects within 1 object stream
 0 named destinations out of 1000 (max. 131072)
 1 words of extra memory for PDF output out of 10000 (max. 100000000)

